2024-09-22T11:52:11.272-05:00  INFO 16424 --- [reservite.api] [restartedMain] com.enp.reservite.api.Application        : Starting Application using Java 18.0.2.1 with PID 16424 (C:\EliezerNavarro\Desarrollo\proyectos\reservite\reservite.api\target\classes started by enepe in C:\EliezerNavarro\Desarrollo\proyectos\reservite\reservite.api)
2024-09-22T11:52:11.283-05:00  INFO 16424 --- [reservite.api] [restartedMain] com.enp.reservite.api.Application        : No active profile set, falling back to 1 default profile: "default"
2024-09-22T11:52:11.369-05:00  INFO 16424 --- [reservite.api] [restartedMain] .e.DevToolsPropertyDefaultsPostProcessor : Devtools property defaults active! Set 'spring.devtools.add-properties' to 'false' to disable
2024-09-22T11:52:11.370-05:00  INFO 16424 --- [reservite.api] [restartedMain] .e.DevToolsPropertyDefaultsPostProcessor : For additional web related logging consider setting the 'logging.level.web' property to 'DEBUG'
2024-09-22T11:52:12.740-05:00  INFO 16424 --- [reservite.api] [restartedMain] .s.d.r.c.RepositoryConfigurationDelegate : Bootstrapping Spring Data JPA repositories in DEFAULT mode.
2024-09-22T11:52:12.886-05:00  INFO 16424 --- [reservite.api] [restartedMain] .s.d.r.c.RepositoryConfigurationDelegate : Finished Spring Data repository scanning in 132 ms. Found 5 JPA repository interfaces.
2024-09-22T11:52:13.926-05:00  INFO 16424 --- [reservite.api] [restartedMain] o.s.b.w.embedded.tomcat.TomcatWebServer  : Tomcat initialized with port 8080 (http)
2024-09-22T11:52:13.951-05:00  INFO 16424 --- [reservite.api] [restartedMain] o.apache.catalina.core.StandardService   : Starting service [Tomcat]
2024-09-22T11:52:13.951-05:00  INFO 16424 --- [reservite.api] [restartedMain] o.apache.catalina.core.StandardEngine    : Starting Servlet engine: [Apache Tomcat/10.1.28]
2024-09-22T11:52:14.119-05:00  INFO 16424 --- [reservite.api] [restartedMain] o.a.c.c.C.[Tomcat].[localhost].[/]       : Initializing Spring embedded WebApplicationContext
2024-09-22T11:52:14.120-05:00  INFO 16424 --- [reservite.api] [restartedMain] w.s.c.ServletWebServerApplicationContext : Root WebApplicationContext: initialization completed in 2748 ms
2024-09-22T11:52:14.339-05:00  INFO 16424 --- [reservite.api] [restartedMain] o.hibernate.jpa.internal.util.LogHelper  : HHH000204: Processing PersistenceUnitInfo [name: default]
2024-09-22T11:52:14.444-05:00  INFO 16424 --- [reservite.api] [restartedMain] org.hibernate.Version                    : HHH000412: Hibernate ORM core version 6.5.2.Final
2024-09-22T11:52:14.518-05:00  INFO 16424 --- [reservite.api] [restartedMain] o.h.c.internal.RegionFactoryInitiator    : HHH000026: Second-level cache disabled
2024-09-22T11:52:15.113-05:00  INFO 16424 --- [reservite.api] [restartedMain] o.s.o.j.p.SpringPersistenceUnitInfo      : No LoadTimeWeaver setup: ignoring JPA class transformer
2024-09-22T11:52:15.162-05:00  INFO 16424 --- [reservite.api] [restartedMain] com.zaxxer.hikari.HikariDataSource       : HikariPool-1 - Starting...
2024-09-22T11:52:15.403-05:00  INFO 16424 --- [reservite.api] [restartedMain] com.zaxxer.hikari.pool.HikariPool        : HikariPool-1 - Added connection com.mysql.cj.jdbc.ConnectionImpl@17a910d0
2024-09-22T11:52:15.407-05:00  INFO 16424 --- [reservite.api] [restartedMain] com.zaxxer.hikari.HikariDataSource       : HikariPool-1 - Start completed.
2024-09-22T11:52:15.477-05:00  WARN 16424 --- [reservite.api] [restartedMain] org.hibernate.dialect.Dialect            : HHH000511: The 5.5.5 version for [org.hibernate.dialect.MySQLDialect] is no longer supported, hence certain features may not work properly. The minimum supported version is 8.0.0. Check the community dialects project for available legacy versions.
2024-09-22T11:52:15.486-05:00  WARN 16424 --- [reservite.api] [restartedMain] org.hibernate.orm.deprecation            : HHH90000025: MySQLDialect does not need to be specified explicitly using 'hibernate.dialect' (remove the property setting and it will be selected by default)
2024-09-22T11:52:17.122-05:00  INFO 16424 --- [reservite.api] [restartedMain] o.h.e.t.j.p.i.JtaPlatformInitiator       : HHH000489: No JTA platform available (set 'hibernate.transaction.jta.platform' to enable JTA platform integration)
2024-09-22T11:52:17.345-05:00  INFO 16424 --- [reservite.api] [restartedMain] j.LocalContainerEntityManagerFactoryBean : Initialized JPA EntityManagerFactory for persistence unit 'default'
2024-09-22T11:52:17.707-05:00  INFO 16424 --- [reservite.api] [restartedMain] o.s.d.j.r.query.QueryEnhancerFactory     : Hibernate is in classpath; If applicable, HQL parser will be used.
2024-09-22T11:52:18.139-05:00  WARN 16424 --- [reservite.api] [restartedMain] JpaBaseConfiguration$JpaWebConfiguration : spring.jpa.open-in-view is enabled by default. Therefore, database queries may be performed during view rendering. Explicitly configure spring.jpa.open-in-view to disable this warning
2024-09-22T11:52:18.166-05:00  INFO 16424 --- [reservite.api] [restartedMain] eAuthenticationProviderManagerConfigurer : Global AuthenticationManager configured with AuthenticationProvider bean with name authenticationProvider
2024-09-22T11:52:18.167-05:00  WARN 16424 --- [reservite.api] [restartedMain] r$InitializeUserDetailsManagerConfigurer : Global AuthenticationManager configured with an AuthenticationProvider bean. UserDetailsService beans will not be used for username/password login. Consider removing the AuthenticationProvider bean. Alternatively, consider using the UserDetailsService in a manually instantiated DaoAuthenticationProvider.
2024-09-22T11:52:19.020-05:00  INFO 16424 --- [reservite.api] [restartedMain] o.s.b.d.a.OptionalLiveReloadServer       : LiveReload server is running on port 35729
2024-09-22T11:52:19.081-05:00  INFO 16424 --- [reservite.api] [restartedMain] o.s.b.w.embedded.tomcat.TomcatWebServer  : Tomcat started on port 8080 (http) with context path '/'
2024-09-22T11:52:19.097-05:00  INFO 16424 --- [reservite.api] [restartedMain] com.enp.reservite.api.Application        : Started Application in 8.568 seconds (process running for 9.973)
2024-09-22T11:52:32.965-05:00  INFO 16424 --- [reservite.api] [http-nio-8080-exec-1] o.a.c.c.C.[Tomcat].[localhost].[/]       : Initializing Spring DispatcherServlet 'dispatcherServlet'
2024-09-22T11:52:32.965-05:00  INFO 16424 --- [reservite.api] [http-nio-8080-exec-1] o.s.web.servlet.DispatcherServlet        : Initializing Servlet 'dispatcherServlet'
2024-09-22T11:52:32.965-05:00  INFO 16424 --- [reservite.api] [http-nio-8080-exec-1] o.s.web.servlet.DispatcherServlet        : Completed initialization in 0 ms
